The target system is: Android - 1 - i686
The host system is: Linux - 5.4.0-70-generic - x86_64
Determining if the C compiler works passed with the following output:
Change Dir: /home/dyp/common/dyp/ncnn-android-yolox/app/.cxx/cmake/release/x86/CMakeFiles/CMakeTmp

Run Build Command:"/home/dyp/.local/bin/ninja" "cmTC_55779"
[1/2] Building C object CMakeFiles/cmTC_55779.dir/testCCompiler.c.o
[2/2] Linking C executable cmTC_55779


Detecting C compiler ABI info compiled with the following output:
Change Dir: /home/dyp/common/dyp/ncnn-android-yolox/app/.cxx/cmake/release/x86/CMakeFiles/CMakeTmp

Run Build Command:"/home/dyp/.local/bin/ninja" "cmTC_4dc05"
[1/2] Building C object CMakeFiles/cmTC_4dc05.dir/CMakeCCompilerABI.c.o
[2/2] Linking C executable cmTC_4dc05
Android (7284624, based on r416183b) clang version 12.0.5 (https://android.googlesource.com/toolchain/llvm-project c935d99d7cf2016289302412d708641d52d2f7ee)
Target: i686-none-linux-android24
Thread model: posix
InstalledDir: /home/dyp/Android/Sdk/ndk/23.0.7599858/toolchains/llvm/prebuilt/linux-x86_64/bin
 "/home/dyp/Android/Sdk/ndk/23.0.7599858/toolchains/llvm/prebuilt/linux-x86_64/bin/ld" --sysroot=/home/dyp/Android/Sdk/ndk/23.0.7599858/toolchains/llvm/prebuilt/linux-x86_64/sysroot -pie -z noexecstack --warn-shared-textrel -z now -z relro --hash-style=gnu --enable-new-dtags --eh-frame-hdr -m elf_i386 -dynamic-linker /system/bin/linker -o cmTC_4dc05 /home/dyp/Android/Sdk/ndk/23.0.7599858/toolchains/llvm/prebuilt/linux-x86_64/sysroot/usr/lib/i686-linux-android/24/crtbegin_dynamic.o -L/home/dyp/Android/Sdk/ndk/23.0.7599858/toolchains/llvm/prebuilt/linux-x86_64/lib64/clang/12.0.5/lib/linux/i386 -L/home/dyp/Android/Sdk/ndk/23.0.7599858/toolchains/llvm/prebuilt/linux-x86_64/sysroot/usr/lib/i686-linux-android/24 -L/home/dyp/Android/Sdk/ndk/23.0.7599858/toolchains/llvm/prebuilt/linux-x86_64/sysroot/usr/lib/i686-linux-android -L/home/dyp/Android/Sdk/ndk/23.0.7599858/toolchains/llvm/prebuilt/linux-x86_64/sysroot/usr/lib --build-id=sha1 --no-rosegment --fatal-warnings --no-undefined --gc-sections CMakeFiles/cmTC_4dc05.dir/CMakeCCompilerABI.c.o /home/dyp/Android/Sdk/ndk/23.0.7599858/toolchains/llvm/prebuilt/linux-x86_64/lib64/clang/12.0.5/lib/linux/libclang_rt.builtins-i686-android.a -l:libunwind.a -ldl -lc /home/dyp/Android/Sdk/ndk/23.0.7599858/toolchains/llvm/prebuilt/linux-x86_64/lib64/clang/12.0.5/lib/linux/libclang_rt.builtins-i686-android.a -l:libunwind.a -ldl /home/dyp/Android/Sdk/ndk/23.0.7599858/toolchains/llvm/prebuilt/linux-x86_64/sysroot/usr/lib/i686-linux-android/24/crtend_android.o


Parsed C implicit link information from above output:
  link line regex: [^( *|.*[/\])(CMAKE_LINKER-NOTFOUND|CMAKE_LINK_STARTFILE-NOTFOUND|([^/\]+-)?ld|collect2)[^/\]*( |$)]
  ignore line: [Change Dir: /home/dyp/common/dyp/ncnn-android-yolox/app/.cxx/cmake/release/x86/CMakeFiles/CMakeTmp]
  ignore line: []
  ignore line: [Run Build Command:"/home/dyp/.local/bin/ninja" "cmTC_4dc05"]
  ignore line: [[1/2] Building C object CMakeFiles/cmTC_4dc05.dir/CMakeCCompilerABI.c.o]
  ignore line: [[2/2] Linking C executable cmTC_4dc05]
  ignore line: [Android (7284624, based on r416183b) clang version 12.0.5 (https://android.googlesource.com/toolchain/llvm-project c935d99d7cf2016289302412d708641d52d2f7ee)]
  ignore line: [Target: i686-none-linux-android24]
  ignore line: [Thread model: posix]
  ignore line: [InstalledDir: /home/dyp/Android/Sdk/ndk/23.0.7599858/toolchains/llvm/prebuilt/linux-x86_64/bin]
  link line: [ "/home/dyp/Android/Sdk/ndk/23.0.7599858/toolchains/llvm/prebuilt/linux-x86_64/bin/ld" --sysroot=/home/dyp/Android/Sdk/ndk/23.0.7599858/toolchains/llvm/prebuilt/linux-x86_64/sysroot -pie -z noexecstack --warn-shared-textrel -z now -z relro --hash-style=gnu --enable-new-dtags --eh-frame-hdr -m elf_i386 -dynamic-linker /system/bin/linker -o cmTC_4dc05 /home/dyp/Android/Sdk/ndk/23.0.7599858/toolchains/llvm/prebuilt/linux-x86_64/sysroot/usr/lib/i686-linux-android/24/crtbegin_dynamic.o -L/home/dyp/Android/Sdk/ndk/23.0.7599858/toolchains/llvm/prebuilt/linux-x86_64/lib64/clang/12.0.5/lib/linux/i386 -L/home/dyp/Android/Sdk/ndk/23.0.7599858/toolchains/llvm/prebuilt/linux-x86_64/sysroot/usr/lib/i686-linux-android/24 -L/home/dyp/Android/Sdk/ndk/23.0.7599858/toolchains/llvm/prebuilt/linux-x86_64/sysroot/usr/lib/i686-linux-android -L/home/dyp/Android/Sdk/ndk/23.0.7599858/toolchains/llvm/prebuilt/linux-x86_64/sysroot/usr/lib --build-id=sha1 --no-rosegment --fatal-warnings --no-undefined --gc-sections CMakeFiles/cmTC_4dc05.dir/CMakeCCompilerABI.c.o /home/dyp/Android/Sdk/ndk/23.0.7599858/toolchains/llvm/prebuilt/linux-x86_64/lib64/clang/12.0.5/lib/linux/libclang_rt.builtins-i686-android.a -l:libunwind.a -ldl -lc /home/dyp/Android/Sdk/ndk/23.0.7599858/toolchains/llvm/prebuilt/linux-x86_64/lib64/clang/12.0.5/lib/linux/libclang_rt.builtins-i686-android.a -l:libunwind.a -ldl /home/dyp/Android/Sdk/ndk/23.0.7599858/toolchains/llvm/prebuilt/linux-x86_64/sysroot/usr/lib/i686-linux-android/24/crtend_android.o]
    arg [/home/dyp/Android/Sdk/ndk/23.0.7599858/toolchains/llvm/prebuilt/linux-x86_64/bin/ld] ==> ignore
    arg [--sysroot=/home/dyp/Android/Sdk/ndk/23.0.7599858/toolchains/llvm/prebuilt/linux-x86_64/sysroot] ==> ignore
    arg [-pie] ==> ignore
    arg [-znoexecstack] ==> ignore
    arg [--warn-shared-textrel] ==> ignore
    arg [-znow] ==> ignore
    arg [-zrelro] ==> ignore
    arg [--hash-style=gnu] ==> ignore
    arg [--enable-new-dtags] ==> ignore
    arg [--eh-frame-hdr] ==> ignore
    arg [-m] ==> ignore
    arg [elf_i386] ==> ignore
    arg [-dynamic-linker] ==> ignore
    arg [/system/bin/linker] ==> ignore
    arg [-o] ==> ignore
    arg [cmTC_4dc05] ==> ignore
    arg [/home/dyp/Android/Sdk/ndk/23.0.7599858/toolchains/llvm/prebuilt/linux-x86_64/sysroot/usr/lib/i686-linux-android/24/crtbegin_dynamic.o] ==> ignore
    arg [-L/home/dyp/Android/Sdk/ndk/23.0.7599858/toolchains/llvm/prebuilt/linux-x86_64/lib64/clang/12.0.5/lib/linux/i386] ==> dir [/home/dyp/Android/Sdk/ndk/23.0.7599858/toolchains/llvm/prebuilt/linux-x86_64/lib64/clang/12.0.5/lib/linux/i386]
    arg [-L/home/dyp/Android/Sdk/ndk/23.0.7599858/toolchains/llvm/prebuilt/linux-x86_64/sysroot/usr/lib/i686-linux-android/24] ==> dir [/home/dyp/Android/Sdk/ndk/23.0.7599858/toolchains/llvm/prebuilt/linux-x86_64/sysroot/usr/lib/i686-linux-android/24]
    arg [-L/home/dyp/Android/Sdk/ndk/23.0.7599858/toolchains/llvm/prebuilt/linux-x86_64/sysroot/usr/lib/i686-linux-android] ==> dir [/home/dyp/Android/Sdk/ndk/23.0.7599858/toolchains/llvm/prebuilt/linux-x86_64/sysroot/usr/lib/i686-linux-android]
    arg [-L/home/dyp/Android/Sdk/ndk/23.0.7599858/toolchains/llvm/prebuilt/linux-x86_64/sysroot/usr/lib] ==> dir [/home/dyp/Android/Sdk/ndk/23.0.7599858/toolchains/llvm/prebuilt/linux-x86_64/sysroot/usr/lib]
    arg [--build-id=sha1] ==> ignore
    arg [--no-rosegment] ==> ignore
    arg [--fatal-warnings] ==> ignore
    arg [--no-undefined] ==> ignore
    arg [--gc-sections] ==> ignore
    arg [CMakeFiles/cmTC_4dc05.dir/CMakeCCompilerABI.c.o] ==> ignore
    arg [/home/dyp/Android/Sdk/ndk/23.0.7599858/toolchains/llvm/prebuilt/linux-x86_64/lib64/clang/12.0.5/lib/linux/libclang_rt.builtins-i686-android.a] ==> lib [/home/dyp/Android/Sdk/ndk/23.0.7599858/toolchains/llvm/prebuilt/linux-x86_64/lib64/clang/12.0.5/lib/linux/libclang_rt.builtins-i686-android.a]
    arg [-l:libunwind.a] ==> lib [-l:libunwind.a]
    arg [-ldl] ==> lib [dl]
    arg [-lc] ==> lib [c]
    arg [/home/dyp/Android/Sdk/ndk/23.0.7599858/toolchains/llvm/prebuilt/linux-x86_64/lib64/clang/12.0.5/lib/linux/libclang_rt.builtins-i686-android.a] ==> lib [/home/dyp/Android/Sdk/ndk/23.0.7599858/toolchains/llvm/prebuilt/linux-x86_64/lib64/clang/12.0.5/lib/linux/libclang_rt.builtins-i686-android.a]
    arg [-l:libunwind.a] ==> lib [-l:libunwind.a]
    arg [-ldl] ==> lib [dl]
    arg [/home/dyp/Android/Sdk/ndk/23.0.7599858/toolchains/llvm/prebuilt/linux-x86_64/sysroot/usr/lib/i686-linux-android/24/crtend_android.o] ==> ignore
  remove lib [/home/dyp/Android/Sdk/ndk/23.0.7599858/toolchains/llvm/prebuilt/linux-x86_64/lib64/clang/12.0.5/lib/linux/libclang_rt.builtins-i686-android.a]
  remove lib [/home/dyp/Android/Sdk/ndk/23.0.7599858/toolchains/llvm/prebuilt/linux-x86_64/lib64/clang/12.0.5/lib/linux/libclang_rt.builtins-i686-android.a]
  collapse library dir [/home/dyp/Android/Sdk/ndk/23.0.7599858/toolchains/llvm/prebuilt/linux-x86_64/lib64/clang/12.0.5/lib/linux/i386] ==> [/home/dyp/Android/Sdk/ndk/23.0.7599858/toolchains/llvm/prebuilt/linux-x86_64/lib64/clang/12.0.5/lib/linux/i386]
  collapse library dir [/home/dyp/Android/Sdk/ndk/23.0.7599858/toolchains/llvm/prebuilt/linux-x86_64/sysroot/usr/lib/i686-linux-android/24] ==> [/home/dyp/Android/Sdk/ndk/23.0.7599858/toolchains/llvm/prebuilt/linux-x86_64/sysroot/usr/lib/i686-linux-android/24]
  collapse library dir [/home/dyp/Android/Sdk/ndk/23.0.7599858/toolchains/llvm/prebuilt/linux-x86_64/sysroot/usr/lib/i686-linux-android] ==> [/home/dyp/Android/Sdk/ndk/23.0.7599858/toolchains/llvm/prebuilt/linux-x86_64/sysroot/usr/lib/i686-linux-android]
  collapse library dir [/home/dyp/Android/Sdk/ndk/23.0.7599858/toolchains/llvm/prebuilt/linux-x86_64/sysroot/usr/lib] ==> [/home/dyp/Android/Sdk/ndk/23.0.7599858/toolchains/llvm/prebuilt/linux-x86_64/sysroot/usr/lib]
  implicit libs: [-l:libunwind.a;dl;c;-l:libunwind.a;dl]
  implicit dirs: [/home/dyp/Android/Sdk/ndk/23.0.7599858/toolchains/llvm/prebuilt/linux-x86_64/lib64/clang/12.0.5/lib/linux/i386;/home/dyp/Android/Sdk/ndk/23.0.7599858/toolchains/llvm/prebuilt/linux-x86_64/sysroot/usr/lib/i686-linux-android/24;/home/dyp/Android/Sdk/ndk/23.0.7599858/toolchains/llvm/prebuilt/linux-x86_64/sysroot/usr/lib/i686-linux-android;/home/dyp/Android/Sdk/ndk/23.0.7599858/toolchains/llvm/prebuilt/linux-x86_64/sysroot/usr/lib]
  implicit fwks: []




Detecting C [-std=c11] compiler features compiled with the following output:
Change Dir: /home/dyp/common/dyp/ncnn-android-yolox/app/.cxx/cmake/release/x86/CMakeFiles/CMakeTmp

Run Build Command:"/home/dyp/.local/bin/ninja" "cmTC_2c482"
[1/2] Building C object CMakeFiles/cmTC_2c482.dir/feature_tests.c.o
[2/2] Linking C executable cmTC_2c482


    Feature record: C_FEATURE:1c_function_prototypes
    Feature record: C_FEATURE:1c_restrict
    Feature record: C_FEATURE:1c_static_assert
    Feature record: C_FEATURE:1c_variadic_macros


Detecting C [-std=c99] compiler features compiled with the following output:
Change Dir: /home/dyp/common/dyp/ncnn-android-yolox/app/.cxx/cmake/release/x86/CMakeFiles/CMakeTmp

Run Build Command:"/home/dyp/.local/bin/ninja" "cmTC_f5ce4"
[1/2] Building C object CMakeFiles/cmTC_f5ce4.dir/feature_tests.c.o
[2/2] Linking C executable cmTC_f5ce4


    Feature record: C_FEATURE:1c_function_prototypes
    Feature record: C_FEATURE:1c_restrict
    Feature record: C_FEATURE:0c_static_assert
    Feature record: C_FEATURE:1c_variadic_macros


Detecting C [-std=c90] compiler features compiled with the following output:
Change Dir: /home/dyp/common/dyp/ncnn-android-yolox/app/.cxx/cmake/release/x86/CMakeFiles/CMakeTmp

Run Build Command:"/home/dyp/.local/bin/ninja" "cmTC_d6817"
[1/2] Building C object CMakeFiles/cmTC_d6817.dir/feature_tests.c.o
[2/2] Linking C executable cmTC_d6817


    Feature record: C_FEATURE:1c_function_prototypes
    Feature record: C_FEATURE:0c_restrict
    Feature record: C_FEATURE:0c_static_assert
    Feature record: C_FEATURE:0c_variadic_macros
Determining if the CXX compiler works passed with the following output:
Change Dir: /home/dyp/common/dyp/ncnn-android-yolox/app/.cxx/cmake/release/x86/CMakeFiles/CMakeTmp

Run Build Command:"/home/dyp/.local/bin/ninja" "cmTC_746c4"
[1/2] Building CXX object CMakeFiles/cmTC_746c4.dir/testCXXCompiler.cxx.o
[2/2] Linking CXX executable cmTC_746c4


Detecting CXX compiler ABI info compiled with the following output:
Change Dir: /home/dyp/common/dyp/ncnn-android-yolox/app/.cxx/cmake/release/x86/CMakeFiles/CMakeTmp

Run Build Command:"/home/dyp/.local/bin/ninja" "cmTC_da69a"
[1/2] Building CXX object CMakeFiles/cmTC_da69a.dir/CMakeCXXCompilerABI.cpp.o
[2/2] Linking CXX executable cmTC_da69a
Android (7284624, based on r416183b) clang version 12.0.5 (https://android.googlesource.com/toolchain/llvm-project c935d99d7cf2016289302412d708641d52d2f7ee)
Target: i686-none-linux-android24
Thread model: posix
InstalledDir: /home/dyp/Android/Sdk/ndk/23.0.7599858/toolchains/llvm/prebuilt/linux-x86_64/bin
 "/home/dyp/Android/Sdk/ndk/23.0.7599858/toolchains/llvm/prebuilt/linux-x86_64/bin/ld" --sysroot=/home/dyp/Android/Sdk/ndk/23.0.7599858/toolchains/llvm/prebuilt/linux-x86_64/sysroot -pie -z noexecstack --warn-shared-textrel -z now -z relro --hash-style=gnu --enable-new-dtags --eh-frame-hdr -m elf_i386 -dynamic-linker /system/bin/linker -o cmTC_da69a /home/dyp/Android/Sdk/ndk/23.0.7599858/toolchains/llvm/prebuilt/linux-x86_64/sysroot/usr/lib/i686-linux-android/24/crtbegin_dynamic.o -L/home/dyp/Android/Sdk/ndk/23.0.7599858/toolchains/llvm/prebuilt/linux-x86_64/lib64/clang/12.0.5/lib/linux/i386 -L/home/dyp/Android/Sdk/ndk/23.0.7599858/toolchains/llvm/prebuilt/linux-x86_64/sysroot/usr/lib/i686-linux-android/24 -L/home/dyp/Android/Sdk/ndk/23.0.7599858/toolchains/llvm/prebuilt/linux-x86_64/sysroot/usr/lib/i686-linux-android -L/home/dyp/Android/Sdk/ndk/23.0.7599858/toolchains/llvm/prebuilt/linux-x86_64/sysroot/usr/lib --build-id=sha1 --no-rosegment --fatal-warnings --no-undefined --gc-sections CMakeFiles/cmTC_da69a.dir/CMakeCXXCompilerABI.cpp.o -Bstatic -lc++ -Bdynamic -lm /home/dyp/Android/Sdk/ndk/23.0.7599858/toolchains/llvm/prebuilt/linux-x86_64/lib64/clang/12.0.5/lib/linux/libclang_rt.builtins-i686-android.a -l:libunwind.a -ldl -lc /home/dyp/Android/Sdk/ndk/23.0.7599858/toolchains/llvm/prebuilt/linux-x86_64/lib64/clang/12.0.5/lib/linux/libclang_rt.builtins-i686-android.a -l:libunwind.a -ldl /home/dyp/Android/Sdk/ndk/23.0.7599858/toolchains/llvm/prebuilt/linux-x86_64/sysroot/usr/lib/i686-linux-android/24/crtend_android.o


Parsed CXX implicit link information from above output:
  link line regex: [^( *|.*[/\])(CMAKE_LINKER-NOTFOUND|CMAKE_LINK_STARTFILE-NOTFOUND|([^/\]+-)?ld|collect2)[^/\]*( |$)]
  ignore line: [Change Dir: /home/dyp/common/dyp/ncnn-android-yolox/app/.cxx/cmake/release/x86/CMakeFiles/CMakeTmp]
  ignore line: []
  ignore line: [Run Build Command:"/home/dyp/.local/bin/ninja" "cmTC_da69a"]
  ignore line: [[1/2] Building CXX object CMakeFiles/cmTC_da69a.dir/CMakeCXXCompilerABI.cpp.o]
  ignore line: [[2/2] Linking CXX executable cmTC_da69a]
  ignore line: [Android (7284624, based on r416183b) clang version 12.0.5 (https://android.googlesource.com/toolchain/llvm-project c935d99d7cf2016289302412d708641d52d2f7ee)]
  ignore line: [Target: i686-none-linux-android24]
  ignore line: [Thread model: posix]
  ignore line: [InstalledDir: /home/dyp/Android/Sdk/ndk/23.0.7599858/toolchains/llvm/prebuilt/linux-x86_64/bin]
  link line: [ "/home/dyp/Android/Sdk/ndk/23.0.7599858/toolchains/llvm/prebuilt/linux-x86_64/bin/ld" --sysroot=/home/dyp/Android/Sdk/ndk/23.0.7599858/toolchains/llvm/prebuilt/linux-x86_64/sysroot -pie -z noexecstack --warn-shared-textrel -z now -z relro --hash-style=gnu --enable-new-dtags --eh-frame-hdr -m elf_i386 -dynamic-linker /system/bin/linker -o cmTC_da69a /home/dyp/Android/Sdk/ndk/23.0.7599858/toolchains/llvm/prebuilt/linux-x86_64/sysroot/usr/lib/i686-linux-android/24/crtbegin_dynamic.o -L/home/dyp/Android/Sdk/ndk/23.0.7599858/toolchains/llvm/prebuilt/linux-x86_64/lib64/clang/12.0.5/lib/linux/i386 -L/home/dyp/Android/Sdk/ndk/23.0.7599858/toolchains/llvm/prebuilt/linux-x86_64/sysroot/usr/lib/i686-linux-android/24 -L/home/dyp/Android/Sdk/ndk/23.0.7599858/toolchains/llvm/prebuilt/linux-x86_64/sysroot/usr/lib/i686-linux-android -L/home/dyp/Android/Sdk/ndk/23.0.7599858/toolchains/llvm/prebuilt/linux-x86_64/sysroot/usr/lib --build-id=sha1 --no-rosegment --fatal-warnings --no-undefined --gc-sections CMakeFiles/cmTC_da69a.dir/CMakeCXXCompilerABI.cpp.o -Bstatic -lc++ -Bdynamic -lm /home/dyp/Android/Sdk/ndk/23.0.7599858/toolchains/llvm/prebuilt/linux-x86_64/lib64/clang/12.0.5/lib/linux/libclang_rt.builtins-i686-android.a -l:libunwind.a -ldl -lc /home/dyp/Android/Sdk/ndk/23.0.7599858/toolchains/llvm/prebuilt/linux-x86_64/lib64/clang/12.0.5/lib/linux/libclang_rt.builtins-i686-android.a -l:libunwind.a -ldl /home/dyp/Android/Sdk/ndk/23.0.7599858/toolchains/llvm/prebuilt/linux-x86_64/sysroot/usr/lib/i686-linux-android/24/crtend_android.o]
    arg [/home/dyp/Android/Sdk/ndk/23.0.7599858/toolchains/llvm/prebuilt/linux-x86_64/bin/ld] ==> ignore
    arg [--sysroot=/home/dyp/Android/Sdk/ndk/23.0.7599858/toolchains/llvm/prebuilt/linux-x86_64/sysroot] ==> ignore
    arg [-pie] ==> ignore
    arg [-znoexecstack] ==> ignore
    arg [--warn-shared-textrel] ==> ignore
    arg [-znow] ==> ignore
    arg [-zrelro] ==> ignore
    arg [--hash-style=gnu] ==> ignore
    arg [--enable-new-dtags] ==> ignore
    arg [--eh-frame-hdr] ==> ignore
    arg [-m] ==> ignore
    arg [elf_i386] ==> ignore
    arg [-dynamic-linker] ==> ignore
    arg [/system/bin/linker] ==> ignore
    arg [-o] ==> ignore
    arg [cmTC_da69a] ==> ignore
    arg [/home/dyp/Android/Sdk/ndk/23.0.7599858/toolchains/llvm/prebuilt/linux-x86_64/sysroot/usr/lib/i686-linux-android/24/crtbegin_dynamic.o] ==> ignore
    arg [-L/home/dyp/Android/Sdk/ndk/23.0.7599858/toolchains/llvm/prebuilt/linux-x86_64/lib64/clang/12.0.5/lib/linux/i386] ==> dir [/home/dyp/Android/Sdk/ndk/23.0.7599858/toolchains/llvm/prebuilt/linux-x86_64/lib64/clang/12.0.5/lib/linux/i386]
    arg [-L/home/dyp/Android/Sdk/ndk/23.0.7599858/toolchains/llvm/prebuilt/linux-x86_64/sysroot/usr/lib/i686-linux-android/24] ==> dir [/home/dyp/Android/Sdk/ndk/23.0.7599858/toolchains/llvm/prebuilt/linux-x86_64/sysroot/usr/lib/i686-linux-android/24]
    arg [-L/home/dyp/Android/Sdk/ndk/23.0.7599858/toolchains/llvm/prebuilt/linux-x86_64/sysroot/usr/lib/i686-linux-android] ==> dir [/home/dyp/Android/Sdk/ndk/23.0.7599858/toolchains/llvm/prebuilt/linux-x86_64/sysroot/usr/lib/i686-linux-android]
    arg [-L/home/dyp/Android/Sdk/ndk/23.0.7599858/toolchains/llvm/prebuilt/linux-x86_64/sysroot/usr/lib] ==> dir [/home/dyp/Android/Sdk/ndk/23.0.7599858/toolchains/llvm/prebuilt/linux-x86_64/sysroot/usr/lib]
    arg [--build-id=sha1] ==> ignore
    arg [--no-rosegment] ==> ignore
    arg [--fatal-warnings] ==> ignore
    arg [--no-undefined] ==> ignore
    arg [--gc-sections] ==> ignore
    arg [CMakeFiles/cmTC_da69a.dir/CMakeCXXCompilerABI.cpp.o] ==> ignore
    arg [-Bstatic] ==> ignore
    arg [-lc++] ==> lib [c++]
    arg [-Bdynamic] ==> ignore
    arg [-lm] ==> lib [m]
    arg [/home/dyp/Android/Sdk/ndk/23.0.7599858/toolchains/llvm/prebuilt/linux-x86_64/lib64/clang/12.0.5/lib/linux/libclang_rt.builtins-i686-android.a] ==> lib [/home/dyp/Android/Sdk/ndk/23.0.7599858/toolchains/llvm/prebuilt/linux-x86_64/lib64/clang/12.0.5/lib/linux/libclang_rt.builtins-i686-android.a]
    arg [-l:libunwind.a] ==> lib [-l:libunwind.a]
    arg [-ldl] ==> lib [dl]
    arg [-lc] ==> lib [c]
    arg [/home/dyp/Android/Sdk/ndk/23.0.7599858/toolchains/llvm/prebuilt/linux-x86_64/lib64/clang/12.0.5/lib/linux/libclang_rt.builtins-i686-android.a] ==> lib [/home/dyp/Android/Sdk/ndk/23.0.7599858/toolchains/llvm/prebuilt/linux-x86_64/lib64/clang/12.0.5/lib/linux/libclang_rt.builtins-i686-android.a]
    arg [-l:libunwind.a] ==> lib [-l:libunwind.a]
    arg [-ldl] ==> lib [dl]
    arg [/home/dyp/Android/Sdk/ndk/23.0.7599858/toolchains/llvm/prebuilt/linux-x86_64/sysroot/usr/lib/i686-linux-android/24/crtend_android.o] ==> ignore
  remove lib [/home/dyp/Android/Sdk/ndk/23.0.7599858/toolchains/llvm/prebuilt/linux-x86_64/lib64/clang/12.0.5/lib/linux/libclang_rt.builtins-i686-android.a]
  remove lib [/home/dyp/Android/Sdk/ndk/23.0.7599858/toolchains/llvm/prebuilt/linux-x86_64/lib64/clang/12.0.5/lib/linux/libclang_rt.builtins-i686-android.a]
  collapse library dir [/home/dyp/Android/Sdk/ndk/23.0.7599858/toolchains/llvm/prebuilt/linux-x86_64/lib64/clang/12.0.5/lib/linux/i386] ==> [/home/dyp/Android/Sdk/ndk/23.0.7599858/toolchains/llvm/prebuilt/linux-x86_64/lib64/clang/12.0.5/lib/linux/i386]
  collapse library dir [/home/dyp/Android/Sdk/ndk/23.0.7599858/toolchains/llvm/prebuilt/linux-x86_64/sysroot/usr/lib/i686-linux-android/24] ==> [/home/dyp/Android/Sdk/ndk/23.0.7599858/toolchains/llvm/prebuilt/linux-x86_64/sysroot/usr/lib/i686-linux-android/24]
  collapse library dir [/home/dyp/Android/Sdk/ndk/23.0.7599858/toolchains/llvm/prebuilt/linux-x86_64/sysroot/usr/lib/i686-linux-android] ==> [/home/dyp/Android/Sdk/ndk/23.0.7599858/toolchains/llvm/prebuilt/linux-x86_64/sysroot/usr/lib/i686-linux-android]
  collapse library dir [/home/dyp/Android/Sdk/ndk/23.0.7599858/toolchains/llvm/prebuilt/linux-x86_64/sysroot/usr/lib] ==> [/home/dyp/Android/Sdk/ndk/23.0.7599858/toolchains/llvm/prebuilt/linux-x86_64/sysroot/usr/lib]
  implicit libs: [c++;m;-l:libunwind.a;dl;c;-l:libunwind.a;dl]
  implicit dirs: [/home/dyp/Android/Sdk/ndk/23.0.7599858/toolchains/llvm/prebuilt/linux-x86_64/lib64/clang/12.0.5/lib/linux/i386;/home/dyp/Android/Sdk/ndk/23.0.7599858/toolchains/llvm/prebuilt/linux-x86_64/sysroot/usr/lib/i686-linux-android/24;/home/dyp/Android/Sdk/ndk/23.0.7599858/toolchains/llvm/prebuilt/linux-x86_64/sysroot/usr/lib/i686-linux-android;/home/dyp/Android/Sdk/ndk/23.0.7599858/toolchains/llvm/prebuilt/linux-x86_64/sysroot/usr/lib]
  implicit fwks: []




Detecting CXX [-std=c++1z] compiler features compiled with the following output:
Change Dir: /home/dyp/common/dyp/ncnn-android-yolox/app/.cxx/cmake/release/x86/CMakeFiles/CMakeTmp

Run Build Command:"/home/dyp/.local/bin/ninja" "cmTC_38f4f"
[1/2] Building CXX object CMakeFiles/cmTC_38f4f.dir/feature_tests.cxx.o
[2/2] Linking CXX executable cmTC_38f4f


    Feature record: CXX_FEATURE:1cxx_aggregate_default_initializers
    Feature record: CXX_FEATURE:1cxx_alias_templates
    Feature record: CXX_FEATURE:1cxx_alignas
    Feature record: CXX_FEATURE:1cxx_alignof
    Feature record: CXX_FEATURE:1cxx_attributes
    Feature record: CXX_FEATURE:1cxx_attribute_deprecated
    Feature record: CXX_FEATURE:1cxx_auto_type
    Feature record: CXX_FEATURE:1cxx_binary_literals
    Feature record: CXX_FEATURE:1cxx_constexpr
    Feature record: CXX_FEATURE:1cxx_contextual_conversions
    Feature record: CXX_FEATURE:1cxx_decltype
    Feature record: CXX_FEATURE:1cxx_decltype_auto
    Feature record: CXX_FEATURE:1cxx_decltype_incomplete_return_types
    Feature record: CXX_FEATURE:1cxx_default_function_template_args
    Feature record: CXX_FEATURE:1cxx_defaulted_functions
    Feature record: CXX_FEATURE:1cxx_defaulted_move_initializers
    Feature record: CXX_FEATURE:1cxx_delegating_constructors
    Feature record: CXX_FEATURE:1cxx_deleted_functions
    Feature record: CXX_FEATURE:1cxx_digit_separators
    Feature record: CXX_FEATURE:1cxx_enum_forward_declarations
    Feature record: CXX_FEATURE:1cxx_explicit_conversions
    Feature record: CXX_FEATURE:1cxx_extended_friend_declarations
    Feature record: CXX_FEATURE:1cxx_extern_templates
    Feature record: CXX_FEATURE:1cxx_final
    Feature record: CXX_FEATURE:1cxx_func_identifier
    Feature record: CXX_FEATURE:1cxx_generalized_initializers
    Feature record: CXX_FEATURE:1cxx_generic_lambdas
    Feature record: CXX_FEATURE:1cxx_inheriting_constructors
    Feature record: CXX_FEATURE:1cxx_inline_namespaces
    Feature record: CXX_FEATURE:1cxx_lambdas
    Feature record: CXX_FEATURE:1cxx_lambda_init_captures
    Feature record: CXX_FEATURE:1cxx_local_type_template_args
    Feature record: CXX_FEATURE:1cxx_long_long_type
    Feature record: CXX_FEATURE:1cxx_noexcept
    Feature record: CXX_FEATURE:1cxx_nonstatic_member_init
    Feature record: CXX_FEATURE:1cxx_nullptr
    Feature record: CXX_FEATURE:1cxx_override
    Feature record: CXX_FEATURE:1cxx_range_for
    Feature record: CXX_FEATURE:1cxx_raw_string_literals
    Feature record: CXX_FEATURE:1cxx_reference_qualified_functions
    Feature record: CXX_FEATURE:1cxx_relaxed_constexpr
    Feature record: CXX_FEATURE:1cxx_return_type_deduction
    Feature record: CXX_FEATURE:1cxx_right_angle_brackets
    Feature record: CXX_FEATURE:1cxx_rvalue_references
    Feature record: CXX_FEATURE:1cxx_sizeof_member
    Feature record: CXX_FEATURE:1cxx_static_assert
    Feature record: CXX_FEATURE:1cxx_strong_enums
    Feature record: CXX_FEATURE:1cxx_template_template_parameters
    Feature record: CXX_FEATURE:1cxx_thread_local
    Feature record: CXX_FEATURE:1cxx_trailing_return_types
    Feature record: CXX_FEATURE:1cxx_unicode_literals
    Feature record: CXX_FEATURE:1cxx_uniform_initialization
    Feature record: CXX_FEATURE:1cxx_unrestricted_unions
    Feature record: CXX_FEATURE:1cxx_user_literals
    Feature record: CXX_FEATURE:1cxx_variable_templates
    Feature record: CXX_FEATURE:1cxx_variadic_macros
    Feature record: CXX_FEATURE:1cxx_variadic_templates


Detecting CXX [-std=c++14] compiler features compiled with the following output:
Change Dir: /home/dyp/common/dyp/ncnn-android-yolox/app/.cxx/cmake/release/x86/CMakeFiles/CMakeTmp

Run Build Command:"/home/dyp/.local/bin/ninja" "cmTC_0528f"
[1/2] Building CXX object CMakeFiles/cmTC_0528f.dir/feature_tests.cxx.o
[2/2] Linking CXX executable cmTC_0528f


    Feature record: CXX_FEATURE:1cxx_aggregate_default_initializers
    Feature record: CXX_FEATURE:1cxx_alias_templates
    Feature record: CXX_FEATURE:1cxx_alignas
    Feature record: CXX_FEATURE:1cxx_alignof
    Feature record: CXX_FEATURE:1cxx_attributes
    Feature record: CXX_FEATURE:1cxx_attribute_deprecated
    Feature record: CXX_FEATURE:1cxx_auto_type
    Feature record: CXX_FEATURE:1cxx_binary_literals
    Feature record: CXX_FEATURE:1cxx_constexpr
    Feature record: CXX_FEATURE:1cxx_contextual_conversions
    Feature record: CXX_FEATURE:1cxx_decltype
    Feature record: CXX_FEATURE:1cxx_decltype_auto
    Feature record: CXX_FEATURE:1cxx_decltype_incomplete_return_types
    Feature record: CXX_FEATURE:1cxx_default_function_template_args
    Feature record: CXX_FEATURE:1cxx_defaulted_functions
    Feature record: CXX_FEATURE:1cxx_defaulted_move_initializers
    Feature record: CXX_FEATURE:1cxx_delegating_constructors
    Feature record: CXX_FEATURE:1cxx_deleted_functions
    Feature record: CXX_FEATURE:1cxx_digit_separators
    Feature record: CXX_FEATURE:1cxx_enum_forward_declarations
    Feature record: CXX_FEATURE:1cxx_explicit_conversions
    Feature record: CXX_FEATURE:1cxx_extended_friend_declarations
    Feature record: CXX_FEATURE:1cxx_extern_templates
    Feature record: CXX_FEATURE:1cxx_final
    Feature record: CXX_FEATURE:1cxx_func_identifier
    Feature record: CXX_FEATURE:1cxx_generalized_initializers
    Feature record: CXX_FEATURE:1cxx_generic_lambdas
    Feature record: CXX_FEATURE:1cxx_inheriting_constructors
    Feature record: CXX_FEATURE:1cxx_inline_namespaces
    Feature record: CXX_FEATURE:1cxx_lambdas
    Feature record: CXX_FEATURE:1cxx_lambda_init_captures
    Feature record: CXX_FEATURE:1cxx_local_type_template_args
    Feature record: CXX_FEATURE:1cxx_long_long_type
    Feature record: CXX_FEATURE:1cxx_noexcept
    Feature record: CXX_FEATURE:1cxx_nonstatic_member_init
    Feature record: CXX_FEATURE:1cxx_nullptr
    Feature record: CXX_FEATURE:1cxx_override
    Feature record: CXX_FEATURE:1cxx_range_for
    Feature record: CXX_FEATURE:1cxx_raw_string_literals
    Feature record: CXX_FEATURE:1cxx_reference_qualified_functions
    Feature record: CXX_FEATURE:1cxx_relaxed_constexpr
    Feature record: CXX_FEATURE:1cxx_return_type_deduction
    Feature record: CXX_FEATURE:1cxx_right_angle_brackets
    Feature record: CXX_FEATURE:1cxx_rvalue_references
    Feature record: CXX_FEATURE:1cxx_sizeof_member
    Feature record: CXX_FEATURE:1cxx_static_assert
    Feature record: CXX_FEATURE:1cxx_strong_enums
    Feature record: CXX_FEATURE:1cxx_template_template_parameters
    Feature record: CXX_FEATURE:1cxx_thread_local
    Feature record: CXX_FEATURE:1cxx_trailing_return_types
    Feature record: CXX_FEATURE:1cxx_unicode_literals
    Feature record: CXX_FEATURE:1cxx_uniform_initialization
    Feature record: CXX_FEATURE:1cxx_unrestricted_unions
    Feature record: CXX_FEATURE:1cxx_user_literals
    Feature record: CXX_FEATURE:1cxx_variable_templates
    Feature record: CXX_FEATURE:1cxx_variadic_macros
    Feature record: CXX_FEATURE:1cxx_variadic_templates


Detecting CXX [-std=c++11] compiler features compiled with the following output:
Change Dir: /home/dyp/common/dyp/ncnn-android-yolox/app/.cxx/cmake/release/x86/CMakeFiles/CMakeTmp

Run Build Command:"/home/dyp/.local/bin/ninja" "cmTC_69cff"
[1/2] Building CXX object CMakeFiles/cmTC_69cff.dir/feature_tests.cxx.o
[2/2] Linking CXX executable cmTC_69cff


    Feature record: CXX_FEATURE:0cxx_aggregate_default_initializers
    Feature record: CXX_FEATURE:1cxx_alias_templates
    Feature record: CXX_FEATURE:1cxx_alignas
    Feature record: CXX_FEATURE:1cxx_alignof
    Feature record: CXX_FEATURE:1cxx_attributes
    Feature record: CXX_FEATURE:0cxx_attribute_deprecated
    Feature record: CXX_FEATURE:1cxx_auto_type
    Feature record: CXX_FEATURE:0cxx_binary_literals
    Feature record: CXX_FEATURE:1cxx_constexpr
    Feature record: CXX_FEATURE:0cxx_contextual_conversions
    Feature record: CXX_FEATURE:1cxx_decltype
    Feature record: CXX_FEATURE:0cxx_decltype_auto
    Feature record: CXX_FEATURE:1cxx_decltype_incomplete_return_types
    Feature record: CXX_FEATURE:1cxx_default_function_template_args
    Feature record: CXX_FEATURE:1cxx_defaulted_functions
    Feature record: CXX_FEATURE:1cxx_defaulted_move_initializers
    Feature record: CXX_FEATURE:1cxx_delegating_constructors
    Feature record: CXX_FEATURE:1cxx_deleted_functions
    Feature record: CXX_FEATURE:0cxx_digit_separators
    Feature record: CXX_FEATURE:1cxx_enum_forward_declarations
    Feature record: CXX_FEATURE:1cxx_explicit_conversions
    Feature record: CXX_FEATURE:1cxx_extended_friend_declarations
    Feature record: CXX_FEATURE:1cxx_extern_templates
    Feature record: CXX_FEATURE:1cxx_final
    Feature record: CXX_FEATURE:1cxx_func_identifier
    Feature record: CXX_FEATURE:1cxx_generalized_initializers
    Feature record: CXX_FEATURE:0cxx_generic_lambdas
    Feature record: CXX_FEATURE:1cxx_inheriting_constructors
    Feature record: CXX_FEATURE:1cxx_inline_namespaces
    Feature record: CXX_FEATURE:1cxx_lambdas
    Feature record: CXX_FEATURE:0cxx_lambda_init_captures
    Feature record: CXX_FEATURE:1cxx_local_type_template_args
    Feature record: CXX_FEATURE:1cxx_long_long_type
    Feature record: CXX_FEATURE:1cxx_noexcept
    Feature record: CXX_FEATURE:1cxx_nonstatic_member_init
    Feature record: CXX_FEATURE:1cxx_nullptr
    Feature record: CXX_FEATURE:1cxx_override
    Feature record: CXX_FEATURE:1cxx_range_for
    Feature record: CXX_FEATURE:1cxx_raw_string_literals
    Feature record: CXX_FEATURE:1cxx_reference_qualified_functions
    Feature record: CXX_FEATURE:0cxx_relaxed_constexpr
    Feature record: CXX_FEATURE:0cxx_return_type_deduction
    Feature record: CXX_FEATURE:1cxx_right_angle_brackets
    Feature record: CXX_FEATURE:1cxx_rvalue_references
    Feature record: CXX_FEATURE:1cxx_sizeof_member
    Feature record: CXX_FEATURE:1cxx_static_assert
    Feature record: CXX_FEATURE:1cxx_strong_enums
    Feature record: CXX_FEATURE:1cxx_template_template_parameters
    Feature record: CXX_FEATURE:1cxx_thread_local
    Feature record: CXX_FEATURE:1cxx_trailing_return_types
    Feature record: CXX_FEATURE:1cxx_unicode_literals
    Feature record: CXX_FEATURE:1cxx_uniform_initialization
    Feature record: CXX_FEATURE:1cxx_unrestricted_unions
    Feature record: CXX_FEATURE:1cxx_user_literals
    Feature record: CXX_FEATURE:0cxx_variable_templates
    Feature record: CXX_FEATURE:1cxx_variadic_macros
    Feature record: CXX_FEATURE:1cxx_variadic_templates


Detecting CXX [-std=c++98] compiler features compiled with the following output:
Change Dir: /home/dyp/common/dyp/ncnn-android-yolox/app/.cxx/cmake/release/x86/CMakeFiles/CMakeTmp

Run Build Command:"/home/dyp/.local/bin/ninja" "cmTC_ca3b8"
[1/2] Building CXX object CMakeFiles/cmTC_ca3b8.dir/feature_tests.cxx.o
[2/2] Linking CXX executable cmTC_ca3b8


    Feature record: CXX_FEATURE:0cxx_aggregate_default_initializers
    Feature record: CXX_FEATURE:0cxx_alias_templates
    Feature record: CXX_FEATURE:0cxx_alignas
    Feature record: CXX_FEATURE:0cxx_alignof
    Feature record: CXX_FEATURE:0cxx_attributes
    Feature record: CXX_FEATURE:0cxx_attribute_deprecated
    Feature record: CXX_FEATURE:0cxx_auto_type
    Feature record: CXX_FEATURE:0cxx_binary_literals
    Feature record: CXX_FEATURE:0cxx_constexpr
    Feature record: CXX_FEATURE:0cxx_contextual_conversions
    Feature record: CXX_FEATURE:0cxx_decltype
    Feature record: CXX_FEATURE:0cxx_decltype_auto
    Feature record: CXX_FEATURE:0cxx_decltype_incomplete_return_types
    Feature record: CXX_FEATURE:0cxx_default_function_template_args
    Feature record: CXX_FEATURE:0cxx_defaulted_functions
    Feature record: CXX_FEATURE:0cxx_defaulted_move_initializers
    Feature record: CXX_FEATURE:0cxx_delegating_constructors
    Feature record: CXX_FEATURE:0cxx_deleted_functions
    Feature record: CXX_FEATURE:0cxx_digit_separators
    Feature record: CXX_FEATURE:0cxx_enum_forward_declarations
    Feature record: CXX_FEATURE:0cxx_explicit_conversions
    Feature record: CXX_FEATURE:0cxx_extended_friend_declarations
    Feature record: CXX_FEATURE:0cxx_extern_templates
    Feature record: CXX_FEATURE:0cxx_final
    Feature record: CXX_FEATURE:0cxx_func_identifier
    Feature record: CXX_FEATURE:0cxx_generalized_initializers
    Feature record: CXX_FEATURE:0cxx_generic_lambdas
    Feature record: CXX_FEATURE:0cxx_inheriting_constructors
    Feature record: CXX_FEATURE:0cxx_inline_namespaces
    Feature record: CXX_FEATURE:0cxx_lambdas
    Feature record: CXX_FEATURE:0cxx_lambda_init_captures
    Feature record: CXX_FEATURE:0cxx_local_type_template_args
    Feature record: CXX_FEATURE:0cxx_long_long_type
    Feature record: CXX_FEATURE:0cxx_noexcept
    Feature record: CXX_FEATURE:0cxx_nonstatic_member_init
    Feature record: CXX_FEATURE:0cxx_nullptr
    Feature record: CXX_FEATURE:0cxx_override
    Feature record: CXX_FEATURE:0cxx_range_for
    Feature record: CXX_FEATURE:0cxx_raw_string_literals
    Feature record: CXX_FEATURE:0cxx_reference_qualified_functions
    Feature record: CXX_FEATURE:0cxx_relaxed_constexpr
    Feature record: CXX_FEATURE:0cxx_return_type_deduction
    Feature record: CXX_FEATURE:0cxx_right_angle_brackets
    Feature record: CXX_FEATURE:0cxx_rvalue_references
    Feature record: CXX_FEATURE:0cxx_sizeof_member
    Feature record: CXX_FEATURE:0cxx_static_assert
    Feature record: CXX_FEATURE:0cxx_strong_enums
    Feature record: CXX_FEATURE:1cxx_template_template_parameters
    Feature record: CXX_FEATURE:0cxx_thread_local
    Feature record: CXX_FEATURE:0cxx_trailing_return_types
    Feature record: CXX_FEATURE:0cxx_unicode_literals
    Feature record: CXX_FEATURE:0cxx_uniform_initialization
    Feature record: CXX_FEATURE:0cxx_unrestricted_unions
    Feature record: CXX_FEATURE:0cxx_user_literals
    Feature record: CXX_FEATURE:0cxx_variable_templates
    Feature record: CXX_FEATURE:0cxx_variadic_macros
    Feature record: CXX_FEATURE:0cxx_variadic_templates
Detecting C OpenMP compiler ABI info compiled with the following output:
Change Dir: /home/dyp/common/dyp/ncnn-android-yolox/app/.cxx/cmake/release/x86/CMakeFiles/CMakeTmp

Run Build Command:"/home/dyp/.local/bin/ninja" "cmTC_58791"
[1/2] Building C object CMakeFiles/cmTC_58791.dir/OpenMPTryFlag.c.o
Android (7284624, based on r416183b) clang version 12.0.5 (https://android.googlesource.com/toolchain/llvm-project c935d99d7cf2016289302412d708641d52d2f7ee)
Target: i686-none-linux-android24
Thread model: posix
InstalledDir: /home/dyp/Android/Sdk/ndk/23.0.7599858/toolchains/llvm/prebuilt/linux-x86_64/bin
 (in-process)
 "/home/dyp/Android/Sdk/ndk/23.0.7599858/toolchains/llvm/prebuilt/linux-x86_64/bin/clang" -cc1 -triple i686-none-linux-android24 -emit-obj -mrelax-all --mrelax-relocations -mnoexecstack -disable-free -disable-llvm-verifier -discard-value-names -main-file-name OpenMPTryFlag.c -mrelocation-model pic -pic-level 2 -pic-is-pie -mframe-pointer=all -fno-rounding-math -mconstructor-aliases -munwind-tables -target-cpu i686 -target-feature +ssse3 -tune-cpu generic -fno-split-dwarf-inlining -debug-info-kind=limited -dwarf-version=4 -debugger-tuning=gdb -v -ffunction-sections -fdata-sections -resource-dir /home/dyp/Android/Sdk/ndk/23.0.7599858/toolchains/llvm/prebuilt/linux-x86_64/lib64/clang/12.0.5 -D ANDROID -D _FORTIFY_SOURCE=2 -isysroot /home/dyp/Android/Sdk/ndk/23.0.7599858/toolchains/llvm/prebuilt/linux-x86_64/sysroot -internal-isystem /home/dyp/Android/Sdk/ndk/23.0.7599858/toolchains/llvm/prebuilt/linux-x86_64/sysroot/usr/local/include -internal-isystem /home/dyp/Android/Sdk/ndk/23.0.7599858/toolchains/llvm/prebuilt/linux-x86_64/lib64/clang/12.0.5/include -internal-externc-isystem /home/dyp/Android/Sdk/ndk/23.0.7599858/toolchains/llvm/prebuilt/linux-x86_64/sysroot/usr/include/i686-linux-android -internal-externc-isystem /home/dyp/Android/Sdk/ndk/23.0.7599858/toolchains/llvm/prebuilt/linux-x86_64/sysroot/include -internal-externc-isystem /home/dyp/Android/Sdk/ndk/23.0.7599858/toolchains/llvm/prebuilt/linux-x86_64/sysroot/usr/include -Wformat -Werror=format-security -fdebug-compilation-dir /home/dyp/common/dyp/ncnn-android-yolox/app/.cxx/cmake/release/x86/CMakeFiles/CMakeTmp -ferror-limit 19 -fopenmp -fopenmp-cuda-parallel-target-regions -stack-protector 2 -fgnuc-version=4.2.1 -o CMakeFiles/cmTC_58791.dir/OpenMPTryFlag.c.o -x c /home/dyp/common/dyp/ncnn-android-yolox/app/.cxx/cmake/release/x86/CMakeFiles/FindOpenMP/OpenMPTryFlag.c
clang -cc1 version 12.0.5 based upon LLVM 12.0.5git default target x86_64-unknown-linux-gnu
ignoring nonexistent directory "/home/dyp/Android/Sdk/ndk/23.0.7599858/toolchains/llvm/prebuilt/linux-x86_64/sysroot/include"
#include "..." search starts here:
#include <...> search starts here:
 /home/dyp/Android/Sdk/ndk/23.0.7599858/toolchains/llvm/prebuilt/linux-x86_64/sysroot/usr/local/include
 /home/dyp/Android/Sdk/ndk/23.0.7599858/toolchains/llvm/prebuilt/linux-x86_64/lib64/clang/12.0.5/include
 /home/dyp/Android/Sdk/ndk/23.0.7599858/toolchains/llvm/prebuilt/linux-x86_64/sysroot/usr/include/i686-linux-android
 /home/dyp/Android/Sdk/ndk/23.0.7599858/toolchains/llvm/prebuilt/linux-x86_64/sysroot/usr/include
End of search list.
[2/2] Linking C executable cmTC_58791
Android (7284624, based on r416183b) clang version 12.0.5 (https://android.googlesource.com/toolchain/llvm-project c935d99d7cf2016289302412d708641d52d2f7ee)
Target: i686-none-linux-android24
Thread model: posix
InstalledDir: /home/dyp/Android/Sdk/ndk/23.0.7599858/toolchains/llvm/prebuilt/linux-x86_64/bin
 "/home/dyp/Android/Sdk/ndk/23.0.7599858/toolchains/llvm/prebuilt/linux-x86_64/bin/ld" --sysroot=/home/dyp/Android/Sdk/ndk/23.0.7599858/toolchains/llvm/prebuilt/linux-x86_64/sysroot -pie -z noexecstack --warn-shared-textrel -z now -z relro --hash-style=gnu --enable-new-dtags --eh-frame-hdr -m elf_i386 -dynamic-linker /system/bin/linker -o cmTC_58791 /home/dyp/Android/Sdk/ndk/23.0.7599858/toolchains/llvm/prebuilt/linux-x86_64/sysroot/usr/lib/i686-linux-android/24/crtbegin_dynamic.o -L/home/dyp/Android/Sdk/ndk/23.0.7599858/toolchains/llvm/prebuilt/linux-x86_64/lib64/clang/12.0.5/lib/linux/i386 -L/home/dyp/Android/Sdk/ndk/23.0.7599858/toolchains/llvm/prebuilt/linux-x86_64/sysroot/usr/lib/i686-linux-android/24 -L/home/dyp/Android/Sdk/ndk/23.0.7599858/toolchains/llvm/prebuilt/linux-x86_64/sysroot/usr/lib/i686-linux-android -L/home/dyp/Android/Sdk/ndk/23.0.7599858/toolchains/llvm/prebuilt/linux-x86_64/sysroot/usr/lib --build-id=sha1 --no-rosegment --fatal-warnings --no-undefined --gc-sections CMakeFiles/cmTC_58791.dir/OpenMPTryFlag.c.o -latomic -lm -lomp /home/dyp/Android/Sdk/ndk/23.0.7599858/toolchains/llvm/prebuilt/linux-x86_64/lib64/clang/12.0.5/lib/linux/libclang_rt.builtins-i686-android.a -l:libunwind.a -ldl -lc /home/dyp/Android/Sdk/ndk/23.0.7599858/toolchains/llvm/prebuilt/linux-x86_64/lib64/clang/12.0.5/lib/linux/libclang_rt.builtins-i686-android.a -l:libunwind.a -ldl /home/dyp/Android/Sdk/ndk/23.0.7599858/toolchains/llvm/prebuilt/linux-x86_64/sysroot/usr/lib/i686-linux-android/24/crtend_android.o


Parsed C OpenMP implicit link information from above output:
  link line regex: [^( *|.*[/\])(CMAKE_LINKER-NOTFOUND|CMAKE_LINK_STARTFILE-NOTFOUND|([^/\]+-)?ld|collect2)[^/\]*( |$)]
  ignore line: [Change Dir: /home/dyp/common/dyp/ncnn-android-yolox/app/.cxx/cmake/release/x86/CMakeFiles/CMakeTmp]
  ignore line: []
  ignore line: [Run Build Command:"/home/dyp/.local/bin/ninja" "cmTC_58791"]
  ignore line: [[1/2] Building C object CMakeFiles/cmTC_58791.dir/OpenMPTryFlag.c.o]
  ignore line: [Android (7284624, based on r416183b) clang version 12.0.5 (https://android.googlesource.com/toolchain/llvm-project c935d99d7cf2016289302412d708641d52d2f7ee)]
  ignore line: [Target: i686-none-linux-android24]
  ignore line: [Thread model: posix]
  ignore line: [InstalledDir: /home/dyp/Android/Sdk/ndk/23.0.7599858/toolchains/llvm/prebuilt/linux-x86_64/bin]
  ignore line: [ (in-process)]
  ignore line: [ "/home/dyp/Android/Sdk/ndk/23.0.7599858/toolchains/llvm/prebuilt/linux-x86_64/bin/clang" -cc1 -triple i686-none-linux-android24 -emit-obj -mrelax-all --mrelax-relocations -mnoexecstack -disable-free -disable-llvm-verifier -discard-value-names -main-file-name OpenMPTryFlag.c -mrelocation-model pic -pic-level 2 -pic-is-pie -mframe-pointer=all -fno-rounding-math -mconstructor-aliases -munwind-tables -target-cpu i686 -target-feature +ssse3 -tune-cpu generic -fno-split-dwarf-inlining -debug-info-kind=limited -dwarf-version=4 -debugger-tuning=gdb -v -ffunction-sections -fdata-sections -resource-dir /home/dyp/Android/Sdk/ndk/23.0.7599858/toolchains/llvm/prebuilt/linux-x86_64/lib64/clang/12.0.5 -D ANDROID -D _FORTIFY_SOURCE=2 -isysroot /home/dyp/Android/Sdk/ndk/23.0.7599858/toolchains/llvm/prebuilt/linux-x86_64/sysroot -internal-isystem /home/dyp/Android/Sdk/ndk/23.0.7599858/toolchains/llvm/prebuilt/linux-x86_64/sysroot/usr/local/include -internal-isystem /home/dyp/Android/Sdk/ndk/23.0.7599858/toolchains/llvm/prebuilt/linux-x86_64/lib64/clang/12.0.5/include -internal-externc-isystem /home/dyp/Android/Sdk/ndk/23.0.7599858/toolchains/llvm/prebuilt/linux-x86_64/sysroot/usr/include/i686-linux-android -internal-externc-isystem /home/dyp/Android/Sdk/ndk/23.0.7599858/toolchains/llvm/prebuilt/linux-x86_64/sysroot/include -internal-externc-isystem /home/dyp/Android/Sdk/ndk/23.0.7599858/toolchains/llvm/prebuilt/linux-x86_64/sysroot/usr/include -Wformat -Werror=format-security -fdebug-compilation-dir /home/dyp/common/dyp/ncnn-android-yolox/app/.cxx/cmake/release/x86/CMakeFiles/CMakeTmp -ferror-limit 19 -fopenmp -fopenmp-cuda-parallel-target-regions -stack-protector 2 -fgnuc-version=4.2.1 -o CMakeFiles/cmTC_58791.dir/OpenMPTryFlag.c.o -x c /home/dyp/common/dyp/ncnn-android-yolox/app/.cxx/cmake/release/x86/CMakeFiles/FindOpenMP/OpenMPTryFlag.c]
  ignore line: [clang -cc1 version 12.0.5 based upon LLVM 12.0.5git default target x86_64-unknown-linux-gnu]
  ignore line: [ignoring nonexistent directory "/home/dyp/Android/Sdk/ndk/23.0.7599858/toolchains/llvm/prebuilt/linux-x86_64/sysroot/include"]
  ignore line: [#include "..." search starts here:]
  ignore line: [#include <...> search starts here:]
  ignore line: [ /home/dyp/Android/Sdk/ndk/23.0.7599858/toolchains/llvm/prebuilt/linux-x86_64/sysroot/usr/local/include]
  ignore line: [ /home/dyp/Android/Sdk/ndk/23.0.7599858/toolchains/llvm/prebuilt/linux-x86_64/lib64/clang/12.0.5/include]
  ignore line: [ /home/dyp/Android/Sdk/ndk/23.0.7599858/toolchains/llvm/prebuilt/linux-x86_64/sysroot/usr/include/i686-linux-android]
  ignore line: [ /home/dyp/Android/Sdk/ndk/23.0.7599858/toolchains/llvm/prebuilt/linux-x86_64/sysroot/usr/include]
  ignore line: [End of search list.]
  ignore line: [[2/2] Linking C executable cmTC_58791]
  ignore line: [Android (7284624, based on r416183b) clang version 12.0.5 (https://android.googlesource.com/toolchain/llvm-project c935d99d7cf2016289302412d708641d52d2f7ee)]
  ignore line: [Target: i686-none-linux-android24]
  ignore line: [Thread model: posix]
  ignore line: [InstalledDir: /home/dyp/Android/Sdk/ndk/23.0.7599858/toolchains/llvm/prebuilt/linux-x86_64/bin]
  link line: [ "/home/dyp/Android/Sdk/ndk/23.0.7599858/toolchains/llvm/prebuilt/linux-x86_64/bin/ld" --sysroot=/home/dyp/Android/Sdk/ndk/23.0.7599858/toolchains/llvm/prebuilt/linux-x86_64/sysroot -pie -z noexecstack --warn-shared-textrel -z now -z relro --hash-style=gnu --enable-new-dtags --eh-frame-hdr -m elf_i386 -dynamic-linker /system/bin/linker -o cmTC_58791 /home/dyp/Android/Sdk/ndk/23.0.7599858/toolchains/llvm/prebuilt/linux-x86_64/sysroot/usr/lib/i686-linux-android/24/crtbegin_dynamic.o -L/home/dyp/Android/Sdk/ndk/23.0.7599858/toolchains/llvm/prebuilt/linux-x86_64/lib64/clang/12.0.5/lib/linux/i386 -L/home/dyp/Android/Sdk/ndk/23.0.7599858/toolchains/llvm/prebuilt/linux-x86_64/sysroot/usr/lib/i686-linux-android/24 -L/home/dyp/Android/Sdk/ndk/23.0.7599858/toolchains/llvm/prebuilt/linux-x86_64/sysroot/usr/lib/i686-linux-android -L/home/dyp/Android/Sdk/ndk/23.0.7599858/toolchains/llvm/prebuilt/linux-x86_64/sysroot/usr/lib --build-id=sha1 --no-rosegment --fatal-warnings --no-undefined --gc-sections CMakeFiles/cmTC_58791.dir/OpenMPTryFlag.c.o -latomic -lm -lomp /home/dyp/Android/Sdk/ndk/23.0.7599858/toolchains/llvm/prebuilt/linux-x86_64/lib64/clang/12.0.5/lib/linux/libclang_rt.builtins-i686-android.a -l:libunwind.a -ldl -lc /home/dyp/Android/Sdk/ndk/23.0.7599858/toolchains/llvm/prebuilt/linux-x86_64/lib64/clang/12.0.5/lib/linux/libclang_rt.builtins-i686-android.a -l:libunwind.a -ldl /home/dyp/Android/Sdk/ndk/23.0.7599858/toolchains/llvm/prebuilt/linux-x86_64/sysroot/usr/lib/i686-linux-android/24/crtend_android.o]
    arg [/home/dyp/Android/Sdk/ndk/23.0.7599858/toolchains/llvm/prebuilt/linux-x86_64/bin/ld] ==> ignore
    arg [--sysroot=/home/dyp/Android/Sdk/ndk/23.0.7599858/toolchains/llvm/prebuilt/linux-x86_64/sysroot] ==> ignore
    arg [-pie] ==> ignore
    arg [-znoexecstack] ==> ignore
    arg [--warn-shared-textrel] ==> ignore
    arg [-znow] ==> ignore
    arg [-zrelro] ==> ignore
    arg [--hash-style=gnu] ==> ignore
    arg [--enable-new-dtags] ==> ignore
    arg [--eh-frame-hdr] ==> ignore
    arg [-m] ==> ignore
    arg [elf_i386] ==> ignore
    arg [-dynamic-linker] ==> ignore
    arg [/system/bin/linker] ==> ignore
    arg [-o] ==> ignore
    arg [cmTC_58791] ==> ignore
    arg [/home/dyp/Android/Sdk/ndk/23.0.7599858/toolchains/llvm/prebuilt/linux-x86_64/sysroot/usr/lib/i686-linux-android/24/crtbegin_dynamic.o] ==> ignore
    arg [-L/home/dyp/Android/Sdk/ndk/23.0.7599858/toolchains/llvm/prebuilt/linux-x86_64/lib64/clang/12.0.5/lib/linux/i386] ==> dir [/home/dyp/Android/Sdk/ndk/23.0.7599858/toolchains/llvm/prebuilt/linux-x86_64/lib64/clang/12.0.5/lib/linux/i386]
    arg [-L/home/dyp/Android/Sdk/ndk/23.0.7599858/toolchains/llvm/prebuilt/linux-x86_64/sysroot/usr/lib/i686-linux-android/24] ==> dir [/home/dyp/Android/Sdk/ndk/23.0.7599858/toolchains/llvm/prebuilt/linux-x86_64/sysroot/usr/lib/i686-linux-android/24]
    arg [-L/home/dyp/Android/Sdk/ndk/23.0.7599858/toolchains/llvm/prebuilt/linux-x86_64/sysroot/usr/lib/i686-linux-android] ==> dir [/home/dyp/Android/Sdk/ndk/23.0.7599858/toolchains/llvm/prebuilt/linux-x86_64/sysroot/usr/lib/i686-linux-android]
    arg [-L/home/dyp/Android/Sdk/ndk/23.0.7599858/toolchains/llvm/prebuilt/linux-x86_64/sysroot/usr/lib] ==> dir [/home/dyp/Android/Sdk/ndk/23.0.7599858/toolchains/llvm/prebuilt/linux-x86_64/sysroot/usr/lib]
    arg [--build-id=sha1] ==> ignore
    arg [--no-rosegment] ==> ignore
    arg [--fatal-warnings] ==> ignore
    arg [--no-undefined] ==> ignore
    arg [--gc-sections] ==> ignore
    arg [CMakeFiles/cmTC_58791.dir/OpenMPTryFlag.c.o] ==> ignore
    arg [-latomic] ==> lib [atomic]
    arg [-lm] ==> lib [m]
    arg [-lomp] ==> lib [omp]
    arg [/home/dyp/Android/Sdk/ndk/23.0.7599858/toolchains/llvm/prebuilt/linux-x86_64/lib64/clang/12.0.5/lib/linux/libclang_rt.builtins-i686-android.a] ==> lib [/home/dyp/Android/Sdk/ndk/23.0.7599858/toolchains/llvm/prebuilt/linux-x86_64/lib64/clang/12.0.5/lib/linux/libclang_rt.builtins-i686-android.a]
    arg [-l:libunwind.a] ==> lib [-l:libunwind.a]
    arg [-ldl] ==> lib [dl]
    arg [-lc] ==> lib [c]
    arg [/home/dyp/Android/Sdk/ndk/23.0.7599858/toolchains/llvm/prebuilt/linux-x86_64/lib64/clang/12.0.5/lib/linux/libclang_rt.builtins-i686-android.a] ==> lib [/home/dyp/Android/Sdk/ndk/23.0.7599858/toolchains/llvm/prebuilt/linux-x86_64/lib64/clang/12.0.5/lib/linux/libclang_rt.builtins-i686-android.a]
    arg [-l:libunwind.a] ==> lib [-l:libunwind.a]
    arg [-ldl] ==> lib [dl]
    arg [/home/dyp/Android/Sdk/ndk/23.0.7599858/toolchains/llvm/prebuilt/linux-x86_64/sysroot/usr/lib/i686-linux-android/24/crtend_android.o] ==> ignore
  remove lib [/home/dyp/Android/Sdk/ndk/23.0.7599858/toolchains/llvm/prebuilt/linux-x86_64/lib64/clang/12.0.5/lib/linux/libclang_rt.builtins-i686-android.a]
  remove lib [/home/dyp/Android/Sdk/ndk/23.0.7599858/toolchains/llvm/prebuilt/linux-x86_64/lib64/clang/12.0.5/lib/linux/libclang_rt.builtins-i686-android.a]
  collapse library dir [/home/dyp/Android/Sdk/ndk/23.0.7599858/toolchains/llvm/prebuilt/linux-x86_64/lib64/clang/12.0.5/lib/linux/i386] ==> [/home/dyp/Android/Sdk/ndk/23.0.7599858/toolchains/llvm/prebuilt/linux-x86_64/lib64/clang/12.0.5/lib/linux/i386]
  collapse library dir [/home/dyp/Android/Sdk/ndk/23.0.7599858/toolchains/llvm/prebuilt/linux-x86_64/sysroot/usr/lib/i686-linux-android/24] ==> [/home/dyp/Android/Sdk/ndk/23.0.7599858/toolchains/llvm/prebuilt/linux-x86_64/sysroot/usr/lib/i686-linux-android/24]
  collapse library dir [/home/dyp/Android/Sdk/ndk/23.0.7599858/toolchains/llvm/prebuilt/linux-x86_64/sysroot/usr/lib/i686-linux-android] ==> [/home/dyp/Android/Sdk/ndk/23.0.7599858/toolchains/llvm/prebuilt/linux-x86_64/sysroot/usr/lib/i686-linux-android]
  collapse library dir [/home/dyp/Android/Sdk/ndk/23.0.7599858/toolchains/llvm/prebuilt/linux-x86_64/sysroot/usr/lib] ==> [/home/dyp/Android/Sdk/ndk/23.0.7599858/toolchains/llvm/prebuilt/linux-x86_64/sysroot/usr/lib]
  implicit libs: [atomic;m;omp;-l:libunwind.a;dl;c;-l:libunwind.a;dl]
  implicit dirs: [/home/dyp/Android/Sdk/ndk/23.0.7599858/toolchains/llvm/prebuilt/linux-x86_64/lib64/clang/12.0.5/lib/linux/i386;/home/dyp/Android/Sdk/ndk/23.0.7599858/toolchains/llvm/prebuilt/linux-x86_64/sysroot/usr/lib/i686-linux-android/24;/home/dyp/Android/Sdk/ndk/23.0.7599858/toolchains/llvm/prebuilt/linux-x86_64/sysroot/usr/lib/i686-linux-android;/home/dyp/Android/Sdk/ndk/23.0.7599858/toolchains/llvm/prebuilt/linux-x86_64/sysroot/usr/lib]
  implicit fwks: []


Detecting CXX OpenMP compiler ABI info compiled with the following output:
Change Dir: /home/dyp/common/dyp/ncnn-android-yolox/app/.cxx/cmake/release/x86/CMakeFiles/CMakeTmp

Run Build Command:"/home/dyp/.local/bin/ninja" "cmTC_ee09d"
[1/2] Building CXX object CMakeFiles/cmTC_ee09d.dir/OpenMPTryFlag.cpp.o
Android (7284624, based on r416183b) clang version 12.0.5 (https://android.googlesource.com/toolchain/llvm-project c935d99d7cf2016289302412d708641d52d2f7ee)
Target: i686-none-linux-android24
Thread model: posix
InstalledDir: /home/dyp/Android/Sdk/ndk/23.0.7599858/toolchains/llvm/prebuilt/linux-x86_64/bin
 (in-process)
 "/home/dyp/Android/Sdk/ndk/23.0.7599858/toolchains/llvm/prebuilt/linux-x86_64/bin/clang++" -cc1 -triple i686-none-linux-android24 -emit-obj -mrelax-all --mrelax-relocations -mnoexecstack -disable-free -disable-llvm-verifier -discard-value-names -main-file-name OpenMPTryFlag.cpp -mrelocation-model pic -pic-level 2 -pic-is-pie -mframe-pointer=all -fno-rounding-math -mconstructor-aliases -munwind-tables -target-cpu i686 -target-feature +ssse3 -tune-cpu generic -fno-split-dwarf-inlining -debug-info-kind=limited -dwarf-version=4 -debugger-tuning=gdb -v -ffunction-sections -fdata-sections -resource-dir /home/dyp/Android/Sdk/ndk/23.0.7599858/toolchains/llvm/prebuilt/linux-x86_64/lib64/clang/12.0.5 -D ANDROID -D _FORTIFY_SOURCE=2 -isysroot /home/dyp/Android/Sdk/ndk/23.0.7599858/toolchains/llvm/prebuilt/linux-x86_64/sysroot -internal-isystem /home/dyp/Android/Sdk/ndk/23.0.7599858/toolchains/llvm/prebuilt/linux-x86_64/sysroot/usr/include/c++/v1 -internal-isystem /home/dyp/Android/Sdk/ndk/23.0.7599858/toolchains/llvm/prebuilt/linux-x86_64/sysroot/usr/local/include -internal-isystem /home/dyp/Android/Sdk/ndk/23.0.7599858/toolchains/llvm/prebuilt/linux-x86_64/lib64/clang/12.0.5/include -internal-externc-isystem /home/dyp/Android/Sdk/ndk/23.0.7599858/toolchains/llvm/prebuilt/linux-x86_64/sysroot/usr/include/i686-linux-android -internal-externc-isystem /home/dyp/Android/Sdk/ndk/23.0.7599858/toolchains/llvm/prebuilt/linux-x86_64/sysroot/include -internal-externc-isystem /home/dyp/Android/Sdk/ndk/23.0.7599858/toolchains/llvm/prebuilt/linux-x86_64/sysroot/usr/include -Wformat -Werror=format-security -fdeprecated-macro -fdebug-compilation-dir /home/dyp/common/dyp/ncnn-android-yolox/app/.cxx/cmake/release/x86/CMakeFiles/CMakeTmp -ferror-limit 19 -fopenmp -fopenmp-cuda-parallel-target-regions -stack-protector 2 -fgnuc-version=4.2.1 -fcxx-exceptions -fexceptions -o CMakeFiles/cmTC_ee09d.dir/OpenMPTryFlag.cpp.o -x c++ /home/dyp/common/dyp/ncnn-android-yolox/app/.cxx/cmake/release/x86/CMakeFiles/FindOpenMP/OpenMPTryFlag.cpp
clang -cc1 version 12.0.5 based upon LLVM 12.0.5git default target x86_64-unknown-linux-gnu
ignoring nonexistent directory "/home/dyp/Android/Sdk/ndk/23.0.7599858/toolchains/llvm/prebuilt/linux-x86_64/sysroot/include"
#include "..." search starts here:
#include <...> search starts here:
 /home/dyp/Android/Sdk/ndk/23.0.7599858/toolchains/llvm/prebuilt/linux-x86_64/sysroot/usr/include/c++/v1
 /home/dyp/Android/Sdk/ndk/23.0.7599858/toolchains/llvm/prebuilt/linux-x86_64/sysroot/usr/local/include
 /home/dyp/Android/Sdk/ndk/23.0.7599858/toolchains/llvm/prebuilt/linux-x86_64/lib64/clang/12.0.5/include
 /home/dyp/Android/Sdk/ndk/23.0.7599858/toolchains/llvm/prebuilt/linux-x86_64/sysroot/usr/include/i686-linux-android
 /home/dyp/Android/Sdk/ndk/23.0.7599858/toolchains/llvm/prebuilt/linux-x86_64/sysroot/usr/include
End of search list.
[2/2] Linking CXX executable cmTC_ee09d
Android (7284624, based on r416183b) clang version 12.0.5 (https://android.googlesource.com/toolchain/llvm-project c935d99d7cf2016289302412d708641d52d2f7ee)
Target: i686-none-linux-android24
Thread model: posix
InstalledDir: /home/dyp/Android/Sdk/ndk/23.0.7599858/toolchains/llvm/prebuilt/linux-x86_64/bin
 "/home/dyp/Android/Sdk/ndk/23.0.7599858/toolchains/llvm/prebuilt/linux-x86_64/bin/ld" --sysroot=/home/dyp/Android/Sdk/ndk/23.0.7599858/toolchains/llvm/prebuilt/linux-x86_64/sysroot -pie -z noexecstack --warn-shared-textrel -z now -z relro --hash-style=gnu --enable-new-dtags --eh-frame-hdr -m elf_i386 -dynamic-linker /system/bin/linker -o cmTC_ee09d /home/dyp/Android/Sdk/ndk/23.0.7599858/toolchains/llvm/prebuilt/linux-x86_64/sysroot/usr/lib/i686-linux-android/24/crtbegin_dynamic.o -L/home/dyp/Android/Sdk/ndk/23.0.7599858/toolchains/llvm/prebuilt/linux-x86_64/lib64/clang/12.0.5/lib/linux/i386 -L/home/dyp/Android/Sdk/ndk/23.0.7599858/toolchains/llvm/prebuilt/linux-x86_64/sysroot/usr/lib/i686-linux-android/24 -L/home/dyp/Android/Sdk/ndk/23.0.7599858/toolchains/llvm/prebuilt/linux-x86_64/sysroot/usr/lib/i686-linux-android -L/home/dyp/Android/Sdk/ndk/23.0.7599858/toolchains/llvm/prebuilt/linux-x86_64/sysroot/usr/lib --build-id=sha1 --no-rosegment --fatal-warnings --no-undefined --gc-sections CMakeFiles/cmTC_ee09d.dir/OpenMPTryFlag.cpp.o -latomic -lm -Bstatic -lc++ -Bdynamic -lm -lomp /home/dyp/Android/Sdk/ndk/23.0.7599858/toolchains/llvm/prebuilt/linux-x86_64/lib64/clang/12.0.5/lib/linux/libclang_rt.builtins-i686-android.a -l:libunwind.a -ldl -lc /home/dyp/Android/Sdk/ndk/23.0.7599858/toolchains/llvm/prebuilt/linux-x86_64/lib64/clang/12.0.5/lib/linux/libclang_rt.builtins-i686-android.a -l:libunwind.a -ldl /home/dyp/Android/Sdk/ndk/23.0.7599858/toolchains/llvm/prebuilt/linux-x86_64/sysroot/usr/lib/i686-linux-android/24/crtend_android.o


Parsed CXX OpenMP implicit link information from above output:
  link line regex: [^( *|.*[/\])(CMAKE_LINKER-NOTFOUND|CMAKE_LINK_STARTFILE-NOTFOUND|([^/\]+-)?ld|collect2)[^/\]*( |$)]
  ignore line: [Change Dir: /home/dyp/common/dyp/ncnn-android-yolox/app/.cxx/cmake/release/x86/CMakeFiles/CMakeTmp]
  ignore line: []
  ignore line: [Run Build Command:"/home/dyp/.local/bin/ninja" "cmTC_ee09d"]
  ignore line: [[1/2] Building CXX object CMakeFiles/cmTC_ee09d.dir/OpenMPTryFlag.cpp.o]
  ignore line: [Android (7284624, based on r416183b) clang version 12.0.5 (https://android.googlesource.com/toolchain/llvm-project c935d99d7cf2016289302412d708641d52d2f7ee)]
  ignore line: [Target: i686-none-linux-android24]
  ignore line: [Thread model: posix]
  ignore line: [InstalledDir: /home/dyp/Android/Sdk/ndk/23.0.7599858/toolchains/llvm/prebuilt/linux-x86_64/bin]
  ignore line: [ (in-process)]
  ignore line: [ "/home/dyp/Android/Sdk/ndk/23.0.7599858/toolchains/llvm/prebuilt/linux-x86_64/bin/clang++" -cc1 -triple i686-none-linux-android24 -emit-obj -mrelax-all --mrelax-relocations -mnoexecstack -disable-free -disable-llvm-verifier -discard-value-names -main-file-name OpenMPTryFlag.cpp -mrelocation-model pic -pic-level 2 -pic-is-pie -mframe-pointer=all -fno-rounding-math -mconstructor-aliases -munwind-tables -target-cpu i686 -target-feature +ssse3 -tune-cpu generic -fno-split-dwarf-inlining -debug-info-kind=limited -dwarf-version=4 -debugger-tuning=gdb -v -ffunction-sections -fdata-sections -resource-dir /home/dyp/Android/Sdk/ndk/23.0.7599858/toolchains/llvm/prebuilt/linux-x86_64/lib64/clang/12.0.5 -D ANDROID -D _FORTIFY_SOURCE=2 -isysroot /home/dyp/Android/Sdk/ndk/23.0.7599858/toolchains/llvm/prebuilt/linux-x86_64/sysroot -internal-isystem /home/dyp/Android/Sdk/ndk/23.0.7599858/toolchains/llvm/prebuilt/linux-x86_64/sysroot/usr/include/c++/v1 -internal-isystem /home/dyp/Android/Sdk/ndk/23.0.7599858/toolchains/llvm/prebuilt/linux-x86_64/sysroot/usr/local/include -internal-isystem /home/dyp/Android/Sdk/ndk/23.0.7599858/toolchains/llvm/prebuilt/linux-x86_64/lib64/clang/12.0.5/include -internal-externc-isystem /home/dyp/Android/Sdk/ndk/23.0.7599858/toolchains/llvm/prebuilt/linux-x86_64/sysroot/usr/include/i686-linux-android -internal-externc-isystem /home/dyp/Android/Sdk/ndk/23.0.7599858/toolchains/llvm/prebuilt/linux-x86_64/sysroot/include -internal-externc-isystem /home/dyp/Android/Sdk/ndk/23.0.7599858/toolchains/llvm/prebuilt/linux-x86_64/sysroot/usr/include -Wformat -Werror=format-security -fdeprecated-macro -fdebug-compilation-dir /home/dyp/common/dyp/ncnn-android-yolox/app/.cxx/cmake/release/x86/CMakeFiles/CMakeTmp -ferror-limit 19 -fopenmp -fopenmp-cuda-parallel-target-regions -stack-protector 2 -fgnuc-version=4.2.1 -fcxx-exceptions -fexceptions -o CMakeFiles/cmTC_ee09d.dir/OpenMPTryFlag.cpp.o -x c++ /home/dyp/common/dyp/ncnn-android-yolox/app/.cxx/cmake/release/x86/CMakeFiles/FindOpenMP/OpenMPTryFlag.cpp]
  ignore line: [clang -cc1 version 12.0.5 based upon LLVM 12.0.5git default target x86_64-unknown-linux-gnu]
  ignore line: [ignoring nonexistent directory "/home/dyp/Android/Sdk/ndk/23.0.7599858/toolchains/llvm/prebuilt/linux-x86_64/sysroot/include"]
  ignore line: [#include "..." search starts here:]
  ignore line: [#include <...> search starts here:]
  ignore line: [ /home/dyp/Android/Sdk/ndk/23.0.7599858/toolchains/llvm/prebuilt/linux-x86_64/sysroot/usr/include/c++/v1]
  ignore line: [ /home/dyp/Android/Sdk/ndk/23.0.7599858/toolchains/llvm/prebuilt/linux-x86_64/sysroot/usr/local/include]
  ignore line: [ /home/dyp/Android/Sdk/ndk/23.0.7599858/toolchains/llvm/prebuilt/linux-x86_64/lib64/clang/12.0.5/include]
  ignore line: [ /home/dyp/Android/Sdk/ndk/23.0.7599858/toolchains/llvm/prebuilt/linux-x86_64/sysroot/usr/include/i686-linux-android]
  ignore line: [ /home/dyp/Android/Sdk/ndk/23.0.7599858/toolchains/llvm/prebuilt/linux-x86_64/sysroot/usr/include]
  ignore line: [End of search list.]
  ignore line: [[2/2] Linking CXX executable cmTC_ee09d]
  ignore line: [Android (7284624, based on r416183b) clang version 12.0.5 (https://android.googlesource.com/toolchain/llvm-project c935d99d7cf2016289302412d708641d52d2f7ee)]
  ignore line: [Target: i686-none-linux-android24]
  ignore line: [Thread model: posix]
  ignore line: [InstalledDir: /home/dyp/Android/Sdk/ndk/23.0.7599858/toolchains/llvm/prebuilt/linux-x86_64/bin]
  link line: [ "/home/dyp/Android/Sdk/ndk/23.0.7599858/toolchains/llvm/prebuilt/linux-x86_64/bin/ld" --sysroot=/home/dyp/Android/Sdk/ndk/23.0.7599858/toolchains/llvm/prebuilt/linux-x86_64/sysroot -pie -z noexecstack --warn-shared-textrel -z now -z relro --hash-style=gnu --enable-new-dtags --eh-frame-hdr -m elf_i386 -dynamic-linker /system/bin/linker -o cmTC_ee09d /home/dyp/Android/Sdk/ndk/23.0.7599858/toolchains/llvm/prebuilt/linux-x86_64/sysroot/usr/lib/i686-linux-android/24/crtbegin_dynamic.o -L/home/dyp/Android/Sdk/ndk/23.0.7599858/toolchains/llvm/prebuilt/linux-x86_64/lib64/clang/12.0.5/lib/linux/i386 -L/home/dyp/Android/Sdk/ndk/23.0.7599858/toolchains/llvm/prebuilt/linux-x86_64/sysroot/usr/lib/i686-linux-android/24 -L/home/dyp/Android/Sdk/ndk/23.0.7599858/toolchains/llvm/prebuilt/linux-x86_64/sysroot/usr/lib/i686-linux-android -L/home/dyp/Android/Sdk/ndk/23.0.7599858/toolchains/llvm/prebuilt/linux-x86_64/sysroot/usr/lib --build-id=sha1 --no-rosegment --fatal-warnings --no-undefined --gc-sections CMakeFiles/cmTC_ee09d.dir/OpenMPTryFlag.cpp.o -latomic -lm -Bstatic -lc++ -Bdynamic -lm -lomp /home/dyp/Android/Sdk/ndk/23.0.7599858/toolchains/llvm/prebuilt/linux-x86_64/lib64/clang/12.0.5/lib/linux/libclang_rt.builtins-i686-android.a -l:libunwind.a -ldl -lc /home/dyp/Android/Sdk/ndk/23.0.7599858/toolchains/llvm/prebuilt/linux-x86_64/lib64/clang/12.0.5/lib/linux/libclang_rt.builtins-i686-android.a -l:libunwind.a -ldl /home/dyp/Android/Sdk/ndk/23.0.7599858/toolchains/llvm/prebuilt/linux-x86_64/sysroot/usr/lib/i686-linux-android/24/crtend_android.o]
    arg [/home/dyp/Android/Sdk/ndk/23.0.7599858/toolchains/llvm/prebuilt/linux-x86_64/bin/ld] ==> ignore
    arg [--sysroot=/home/dyp/Android/Sdk/ndk/23.0.7599858/toolchains/llvm/prebuilt/linux-x86_64/sysroot] ==> ignore
    arg [-pie] ==> ignore
    arg [-znoexecstack] ==> ignore
    arg [--warn-shared-textrel] ==> ignore
    arg [-znow] ==> ignore
    arg [-zrelro] ==> ignore
    arg [--hash-style=gnu] ==> ignore
    arg [--enable-new-dtags] ==> ignore
    arg [--eh-frame-hdr] ==> ignore
    arg [-m] ==> ignore
    arg [elf_i386] ==> ignore
    arg [-dynamic-linker] ==> ignore
    arg [/system/bin/linker] ==> ignore
    arg [-o] ==> ignore
    arg [cmTC_ee09d] ==> ignore
    arg [/home/dyp/Android/Sdk/ndk/23.0.7599858/toolchains/llvm/prebuilt/linux-x86_64/sysroot/usr/lib/i686-linux-android/24/crtbegin_dynamic.o] ==> ignore
    arg [-L/home/dyp/Android/Sdk/ndk/23.0.7599858/toolchains/llvm/prebuilt/linux-x86_64/lib64/clang/12.0.5/lib/linux/i386] ==> dir [/home/dyp/Android/Sdk/ndk/23.0.7599858/toolchains/llvm/prebuilt/linux-x86_64/lib64/clang/12.0.5/lib/linux/i386]
    arg [-L/home/dyp/Android/Sdk/ndk/23.0.7599858/toolchains/llvm/prebuilt/linux-x86_64/sysroot/usr/lib/i686-linux-android/24] ==> dir [/home/dyp/Android/Sdk/ndk/23.0.7599858/toolchains/llvm/prebuilt/linux-x86_64/sysroot/usr/lib/i686-linux-android/24]
    arg [-L/home/dyp/Android/Sdk/ndk/23.0.7599858/toolchains/llvm/prebuilt/linux-x86_64/sysroot/usr/lib/i686-linux-android] ==> dir [/home/dyp/Android/Sdk/ndk/23.0.7599858/toolchains/llvm/prebuilt/linux-x86_64/sysroot/usr/lib/i686-linux-android]
    arg [-L/home/dyp/Android/Sdk/ndk/23.0.7599858/toolchains/llvm/prebuilt/linux-x86_64/sysroot/usr/lib] ==> dir [/home/dyp/Android/Sdk/ndk/23.0.7599858/toolchains/llvm/prebuilt/linux-x86_64/sysroot/usr/lib]
    arg [--build-id=sha1] ==> ignore
    arg [--no-rosegment] ==> ignore
    arg [--fatal-warnings] ==> ignore
    arg [--no-undefined] ==> ignore
    arg [--gc-sections] ==> ignore
    arg [CMakeFiles/cmTC_ee09d.dir/OpenMPTryFlag.cpp.o] ==> ignore
    arg [-latomic] ==> lib [atomic]
    arg [-lm] ==> lib [m]
    arg [-Bstatic] ==> ignore
    arg [-lc++] ==> lib [c++]
    arg [-Bdynamic] ==> ignore
    arg [-lm] ==> lib [m]
    arg [-lomp] ==> lib [omp]
    arg [/home/dyp/Android/Sdk/ndk/23.0.7599858/toolchains/llvm/prebuilt/linux-x86_64/lib64/clang/12.0.5/lib/linux/libclang_rt.builtins-i686-android.a] ==> lib [/home/dyp/Android/Sdk/ndk/23.0.7599858/toolchains/llvm/prebuilt/linux-x86_64/lib64/clang/12.0.5/lib/linux/libclang_rt.builtins-i686-android.a]
    arg [-l:libunwind.a] ==> lib [-l:libunwind.a]
    arg [-ldl] ==> lib [dl]
    arg [-lc] ==> lib [c]
    arg [/home/dyp/Android/Sdk/ndk/23.0.7599858/toolchains/llvm/prebuilt/linux-x86_64/lib64/clang/12.0.5/lib/linux/libclang_rt.builtins-i686-android.a] ==> lib [/home/dyp/Android/Sdk/ndk/23.0.7599858/toolchains/llvm/prebuilt/linux-x86_64/lib64/clang/12.0.5/lib/linux/libclang_rt.builtins-i686-android.a]
    arg [-l:libunwind.a] ==> lib [-l:libunwind.a]
    arg [-ldl] ==> lib [dl]
    arg [/home/dyp/Android/Sdk/ndk/23.0.7599858/toolchains/llvm/prebuilt/linux-x86_64/sysroot/usr/lib/i686-linux-android/24/crtend_android.o] ==> ignore
  remove lib [/home/dyp/Android/Sdk/ndk/23.0.7599858/toolchains/llvm/prebuilt/linux-x86_64/lib64/clang/12.0.5/lib/linux/libclang_rt.builtins-i686-android.a]
  remove lib [/home/dyp/Android/Sdk/ndk/23.0.7599858/toolchains/llvm/prebuilt/linux-x86_64/lib64/clang/12.0.5/lib/linux/libclang_rt.builtins-i686-android.a]
  collapse library dir [/home/dyp/Android/Sdk/ndk/23.0.7599858/toolchains/llvm/prebuilt/linux-x86_64/lib64/clang/12.0.5/lib/linux/i386] ==> [/home/dyp/Android/Sdk/ndk/23.0.7599858/toolchains/llvm/prebuilt/linux-x86_64/lib64/clang/12.0.5/lib/linux/i386]
  collapse library dir [/home/dyp/Android/Sdk/ndk/23.0.7599858/toolchains/llvm/prebuilt/linux-x86_64/sysroot/usr/lib/i686-linux-android/24] ==> [/home/dyp/Android/Sdk/ndk/23.0.7599858/toolchains/llvm/prebuilt/linux-x86_64/sysroot/usr/lib/i686-linux-android/24]
  collapse library dir [/home/dyp/Android/Sdk/ndk/23.0.7599858/toolchains/llvm/prebuilt/linux-x86_64/sysroot/usr/lib/i686-linux-android] ==> [/home/dyp/Android/Sdk/ndk/23.0.7599858/toolchains/llvm/prebuilt/linux-x86_64/sysroot/usr/lib/i686-linux-android]
  collapse library dir [/home/dyp/Android/Sdk/ndk/23.0.7599858/toolchains/llvm/prebuilt/linux-x86_64/sysroot/usr/lib] ==> [/home/dyp/Android/Sdk/ndk/23.0.7599858/toolchains/llvm/prebuilt/linux-x86_64/sysroot/usr/lib]
  implicit libs: [atomic;m;c++;m;omp;-l:libunwind.a;dl;c;-l:libunwind.a;dl]
  implicit dirs: [/home/dyp/Android/Sdk/ndk/23.0.7599858/toolchains/llvm/prebuilt/linux-x86_64/lib64/clang/12.0.5/lib/linux/i386;/home/dyp/Android/Sdk/ndk/23.0.7599858/toolchains/llvm/prebuilt/linux-x86_64/sysroot/usr/lib/i686-linux-android/24;/home/dyp/Android/Sdk/ndk/23.0.7599858/toolchains/llvm/prebuilt/linux-x86_64/sysroot/usr/lib/i686-linux-android;/home/dyp/Android/Sdk/ndk/23.0.7599858/toolchains/llvm/prebuilt/linux-x86_64/sysroot/usr/lib]
  implicit fwks: []


Determining if the include file pthread.h exists passed with the following output:
Change Dir: /home/dyp/common/dyp/ncnn-android-yolox/app/.cxx/cmake/release/x86/CMakeFiles/CMakeTmp

Run Build Command:"/home/dyp/.local/bin/ninja" "cmTC_cc5fe"
[1/2] Building C object CMakeFiles/cmTC_cc5fe.dir/CheckIncludeFile.c.o
[2/2] Linking C executable cmTC_cc5fe


Determining if the pthread_create exist passed with the following output:
Change Dir: /home/dyp/common/dyp/ncnn-android-yolox/app/.cxx/cmake/release/x86/CMakeFiles/CMakeTmp

Run Build Command:"/home/dyp/.local/bin/ninja" "cmTC_3e54e"
[1/2] Building C object CMakeFiles/cmTC_3e54e.dir/CheckSymbolExists.c.o
[2/2] Linking C executable cmTC_3e54e

File /home/dyp/common/dyp/ncnn-android-yolox/app/.cxx/cmake/release/x86/CMakeFiles/CMakeTmp/CheckSymbolExists.c:
/* */
#include <pthread.h>

int main(int argc, char** argv)
{
  (void)argv;
#ifndef pthread_create
  return ((int*)(&pthread_create))[argc];
#else
  (void)argc;
  return 0;
#endif
}

